2017-05-24 14:54:02,816 [Worker-7] INFO  o.e.m.c.i.l.LifecycleMappingFactory - Using org.maven.ide.eclipse.wtp.WarLifecycleMapping lifecycle mapping for MavenProject: SpringRestfulWS:SpringRestfulWS:0.0.1-SNAPSHOT @ C:\RAJESH\ecllipse workspace\SpringRestfulWS\pom.xml.
2017-05-24 14:54:02,819 [Worker-5] INFO  o.e.m.c.i.l.LifecycleMappingFactory - Using org.maven.ide.eclipse.wtp.WarLifecycleMapping lifecycle mapping for MavenProject: SpringRestfulWS:SpringRestfulWS:0.0.1-SNAPSHOT @ C:\RAJESH\ecllipse workspace\SpringRestfulWS\pom.xml.
2017-05-24 14:54:07,248 [Worker-7] INFO  o.e.m.c.i.e.AbstractTransferListenerAdapter - Downloading https://repo.spring.io/libs-release/org/apache/maven/plugins/maven-help-plugin/2.2/maven-help-plugin-2.2.pom
2017-05-24 14:54:07,661 [Worker-7] INFO  o.e.m.c.i.e.AbstractTransferListenerAdapter - Downloaded https://repo.spring.io/libs-release/org/apache/maven/plugins/maven-help-plugin/2.2/maven-help-plugin-2.2.pom
2017-05-24 14:54:08,062 [Worker-7] INFO  o.e.m.c.i.e.AbstractTransferListenerAdapter - Downloading https://repo.spring.io/libs-release/org/apache/maven/plugins/maven-plugins/24/maven-plugins-24.pom
2017-05-24 14:54:08,478 [Worker-7] INFO  o.e.m.c.i.e.AbstractTransferListenerAdapter - Downloaded https://repo.spring.io/libs-release/org/apache/maven/plugins/maven-plugins/24/maven-plugins-24.pom
2017-05-24 14:54:08,933 [Worker-7] INFO  o.e.m.c.i.e.AbstractTransferListenerAdapter - Downloading https://repo.spring.io/libs-release/org/apache/maven/plugins/maven-help-plugin/2.2/maven-help-plugin-2.2.jar
2017-05-24 14:54:09,811 [Worker-7] INFO  o.e.m.c.i.e.AbstractTransferListenerAdapter - Downloaded https://repo.spring.io/libs-release/org/apache/maven/plugins/maven-help-plugin/2.2/maven-help-plugin-2.2.jar
2017-05-24 14:54:10,795 [Worker-7] INFO  o.e.m.c.i.e.AbstractTransferListenerAdapter - Downloading https://repo.spring.io/libs-release/org/codehaus/mojo/xml-maven-plugin/1.0/xml-maven-plugin-1.0.pom
2017-05-24 14:54:11,186 [Worker-7] INFO  o.e.m.c.i.e.AbstractTransferListenerAdapter - Downloaded https://repo.spring.io/libs-release/org/codehaus/mojo/xml-maven-plugin/1.0/xml-maven-plugin-1.0.pom
2017-05-24 14:54:11,579 [Worker-7] INFO  o.e.m.c.i.e.AbstractTransferListenerAdapter - Downloading https://repo.spring.io/libs-release/org/codehaus/mojo/mojo-parent/28/mojo-parent-28.pom
2017-05-24 14:54:12,479 [Worker-7] INFO  o.e.m.c.i.e.AbstractTransferListenerAdapter - Downloaded https://repo.spring.io/libs-release/org/codehaus/mojo/mojo-parent/28/mojo-parent-28.pom
2017-05-24 14:54:12,890 [Worker-7] INFO  o.e.m.c.i.e.AbstractTransferListenerAdapter - Downloading https://repo.spring.io/libs-release/org/codehaus/codehaus-parent/3/codehaus-parent-3.pom
2017-05-24 14:54:13,396 [Worker-7] INFO  o.e.m.c.i.e.AbstractTransferListenerAdapter - Downloaded https://repo.spring.io/libs-release/org/codehaus/codehaus-parent/3/codehaus-parent-3.pom
2017-05-24 14:54:13,776 [Worker-7] INFO  o.e.m.c.i.e.AbstractTransferListenerAdapter - Downloading https://repo.spring.io/libs-release/org/codehaus/mojo/xml-maven-plugin/1.0/xml-maven-plugin-1.0.jar
2017-05-24 14:54:14,350 [Worker-7] INFO  o.e.m.c.i.e.AbstractTransferListenerAdapter - Downloaded https://repo.spring.io/libs-release/org/codehaus/mojo/xml-maven-plugin/1.0/xml-maven-plugin-1.0.jar
2017-05-24 14:54:14,883 [Worker-7] INFO  o.e.m.c.i.e.AbstractTransferListenerAdapter - Downloading https://repo.spring.io/libs-release/org/codehaus/mojo/build-helper-maven-plugin/1.10/build-helper-maven-plugin-1.10.pom
2017-05-24 14:54:15,853 [Worker-7] INFO  o.e.m.c.i.e.AbstractTransferListenerAdapter - Downloaded https://repo.spring.io/libs-release/org/codehaus/mojo/build-helper-maven-plugin/1.10/build-helper-maven-plugin-1.10.pom
2017-05-24 14:54:16,239 [Worker-7] INFO  o.e.m.c.i.e.AbstractTransferListenerAdapter - Downloading https://repo.spring.io/libs-release/org/codehaus/mojo/mojo-parent/38/mojo-parent-38.pom
2017-05-24 14:54:17,246 [Worker-7] INFO  o.e.m.c.i.e.AbstractTransferListenerAdapter - Downloaded https://repo.spring.io/libs-release/org/codehaus/mojo/mojo-parent/38/mojo-parent-38.pom
2017-05-24 14:54:17,661 [Worker-7] INFO  o.e.m.c.i.e.AbstractTransferListenerAdapter - Downloading https://repo.spring.io/libs-release/org/codehaus/mojo/build-helper-maven-plugin/1.10/build-helper-maven-plugin-1.10.jar
2017-05-24 14:54:18,523 [Worker-7] INFO  o.e.m.c.i.e.AbstractTransferListenerAdapter - Downloaded https://repo.spring.io/libs-release/org/codehaus/mojo/build-helper-maven-plugin/1.10/build-helper-maven-plugin-1.10.jar
2017-05-24 14:54:20,989 [Worker-7] INFO  o.e.m.c.i.embedder.EclipseLogger - Using 'UTF-8' encoding to copy filtered resources.
2017-05-24 14:54:20,989 [Worker-7] INFO  o.e.m.c.i.embedder.EclipseLogger - skip non existing resourceDirectory C:\RAJESH\ecllipse workspace\SpringRestfulWS\src\main\resources
2017-05-24 14:54:20,990 [Worker-7] INFO  o.e.m.c.i.embedder.EclipseLogger - skip non existing resourceDirectory C:\RAJESH\ecllipse workspace\SpringRestfulWS\src\main\resources
2017-05-24 14:54:20,994 [Worker-7] INFO  o.e.m.c.i.embedder.EclipseLogger - Using 'UTF-8' encoding to copy filtered resources.
2017-05-24 14:54:20,994 [Worker-7] INFO  o.e.m.c.i.embedder.EclipseLogger - skip non existing resourceDirectory C:\RAJESH\ecllipse workspace\SpringRestfulWS\src\test\resources
2017-05-24 14:54:23,380 [Worker-7] INFO  o.e.m.c.i.l.LifecycleMappingFactory - Using org.maven.ide.eclipse.wtp.WarLifecycleMapping lifecycle mapping for MavenProject: SpringRestfulWS:SpringRestfulWS:0.0.1-SNAPSHOT @ C:\RAJESH\ecllipse workspace\SpringRestfulWS\pom.xml.
2017-05-24 14:54:23,652 [Worker-22] INFO  o.e.m.c.i.embedder.EclipseLogger - Using 'UTF-8' encoding to copy filtered resources.
2017-05-24 14:54:23,653 [Worker-22] INFO  o.e.m.c.i.embedder.EclipseLogger - skip non existing resourceDirectory C:\RAJESH\ecllipse workspace\SpringRestfulWS\src\main\resources
2017-05-24 14:54:23,653 [Worker-22] INFO  o.e.m.c.i.embedder.EclipseLogger - skip non existing resourceDirectory C:\RAJESH\ecllipse workspace\SpringRestfulWS\src\main\resources
2017-05-24 14:54:23,656 [Worker-22] INFO  o.e.m.c.i.embedder.EclipseLogger - Using 'UTF-8' encoding to copy filtered resources.
2017-05-24 14:54:23,657 [Worker-22] INFO  o.e.m.c.i.embedder.EclipseLogger - skip non existing resourceDirectory C:\RAJESH\ecllipse workspace\SpringRestfulWS\src\test\resources
2017-05-24 14:54:25,956 [Worker-21] INFO  o.e.m.c.i.embedder.EclipseLogger - Using 'UTF-8' encoding to copy filtered resources.
2017-05-24 14:54:25,956 [Worker-21] INFO  o.e.m.c.i.embedder.EclipseLogger - skip non existing resourceDirectory C:\RAJESH\ecllipse workspace\SpringRestfulWS\src\main\resources
2017-05-24 14:54:25,957 [Worker-21] INFO  o.e.m.c.i.embedder.EclipseLogger - skip non existing resourceDirectory C:\RAJESH\ecllipse workspace\SpringRestfulWS\src\main\resources
2017-05-24 14:54:25,959 [Worker-21] INFO  o.e.m.c.i.embedder.EclipseLogger - Using 'UTF-8' encoding to copy filtered resources.
2017-05-24 14:54:25,959 [Worker-21] INFO  o.e.m.c.i.embedder.EclipseLogger - skip non existing resourceDirectory C:\RAJESH\ecllipse workspace\SpringRestfulWS\src\test\resources
2017-05-31 16:00:51,006 [Worker-0] INFO  o.e.m.c.i.embedder.EclipseLogger - Using 'UTF-8' encoding to copy filtered resources.
2017-05-31 16:00:51,010 [Worker-0] INFO  o.e.m.c.i.embedder.EclipseLogger - skip non existing resourceDirectory C:\RAJESH\ecllipse workspace\SpringRestfulWS\src\main\resources
2017-05-31 16:00:51,010 [Worker-0] INFO  o.e.m.c.i.embedder.EclipseLogger - skip non existing resourceDirectory C:\RAJESH\ecllipse workspace\SpringRestfulWS\src\main\resources
2017-05-31 16:00:51,014 [Worker-0] INFO  o.e.m.c.i.embedder.EclipseLogger - Using 'UTF-8' encoding to copy filtered resources.
2017-05-31 16:00:51,014 [Worker-0] INFO  o.e.m.c.i.embedder.EclipseLogger - skip non existing resourceDirectory C:\RAJESH\ecllipse workspace\SpringRestfulWS\src\test\resources
2017-05-31 19:40:16,600 [Worker-18] INFO  o.e.m.c.i.embedder.EclipseLogger - Using 'UTF-8' encoding to copy filtered resources.
2017-05-31 19:40:16,607 [Worker-18] INFO  o.e.m.c.i.embedder.EclipseLogger - skip non existing resourceDirectory C:\RAJESH\ecllipse workspace\SpringRestfulWS\src\main\resources
2017-05-31 19:40:16,608 [Worker-18] INFO  o.e.m.c.i.embedder.EclipseLogger - skip non existing resourceDirectory C:\RAJESH\ecllipse workspace\SpringRestfulWS\src\main\resources
2017-05-31 19:40:16,613 [Worker-18] INFO  o.e.m.c.i.embedder.EclipseLogger - Using 'UTF-8' encoding to copy filtered resources.
2017-05-31 19:40:16,613 [Worker-18] INFO  o.e.m.c.i.embedder.EclipseLogger - skip non existing resourceDirectory C:\RAJESH\ecllipse workspace\SpringRestfulWS\src\test\resources
2017-06-01 12:37:29,600 [Worker-1] INFO  o.e.m.c.i.embedder.EclipseLogger - Using 'UTF-8' encoding to copy filtered resources.
2017-06-01 12:37:29,606 [Worker-1] INFO  o.e.m.c.i.embedder.EclipseLogger - skip non existing resourceDirectory C:\RAJESH\ecllipse workspace\SpringRestfulWS\src\main\resources
2017-06-01 12:37:29,606 [Worker-1] INFO  o.e.m.c.i.embedder.EclipseLogger - skip non existing resourceDirectory C:\RAJESH\ecllipse workspace\SpringRestfulWS\src\main\resources
2017-06-01 12:37:29,610 [Worker-1] INFO  o.e.m.c.i.embedder.EclipseLogger - Using 'UTF-8' encoding to copy filtered resources.
2017-06-01 12:37:29,610 [Worker-1] INFO  o.e.m.c.i.embedder.EclipseLogger - skip non existing resourceDirectory C:\RAJESH\ecllipse workspace\SpringRestfulWS\src\test\resources
2017-06-06 10:33:06,742 [Worker-7] INFO  o.e.m.c.i.embedder.EclipseLogger - Using 'UTF-8' encoding to copy filtered resources.
2017-06-06 10:33:06,746 [Worker-7] INFO  o.e.m.c.i.embedder.EclipseLogger - skip non existing resourceDirectory C:\RAJESH\ecllipse workspace\SpringRestfulWS\src\main\resources
2017-06-06 10:33:06,747 [Worker-7] INFO  o.e.m.c.i.embedder.EclipseLogger - skip non existing resourceDirectory C:\RAJESH\ecllipse workspace\SpringRestfulWS\src\main\resources
2017-06-06 10:33:06,750 [Worker-7] INFO  o.e.m.c.i.embedder.EclipseLogger - Using 'UTF-8' encoding to copy filtered resources.
2017-06-06 10:33:06,750 [Worker-7] INFO  o.e.m.c.i.embedder.EclipseLogger - skip non existing resourceDirectory C:\RAJESH\ecllipse workspace\SpringRestfulWS\src\test\resources
2017-06-06 10:38:00,596 [Worker-20] INFO  o.e.m.c.i.embedder.EclipseLogger - Using 'UTF-8' encoding to copy filtered resources.
2017-06-06 10:38:00,600 [Worker-20] INFO  o.e.m.c.i.embedder.EclipseLogger - skip non existing resourceDirectory C:\RAJESH\ecllipse workspace\SpringRestfulWS\src\main\resources
2017-06-06 10:38:00,600 [Worker-20] INFO  o.e.m.c.i.embedder.EclipseLogger - skip non existing resourceDirectory C:\RAJESH\ecllipse workspace\SpringRestfulWS\src\main\resources
2017-06-06 10:38:00,610 [Worker-20] INFO  o.e.m.c.i.embedder.EclipseLogger - Using 'UTF-8' encoding to copy filtered resources.
2017-06-06 10:38:00,610 [Worker-20] INFO  o.e.m.c.i.embedder.EclipseLogger - skip non existing resourceDirectory C:\RAJESH\ecllipse workspace\SpringRestfulWS\src\test\resources
2017-06-07 14:09:56,720 [Worker-3] INFO  o.e.m.c.i.embedder.EclipseLogger - Using 'UTF-8' encoding to copy filtered resources.
2017-06-07 14:09:56,730 [Worker-3] INFO  o.e.m.c.i.embedder.EclipseLogger - skip non existing resourceDirectory C:\RAJESH\ecllipse workspace\SpringRestfulWS\src\main\resources
2017-06-07 14:09:56,730 [Worker-3] INFO  o.e.m.c.i.embedder.EclipseLogger - skip non existing resourceDirectory C:\RAJESH\ecllipse workspace\SpringRestfulWS\src\main\resources
2017-06-07 14:09:56,735 [Worker-3] INFO  o.e.m.c.i.embedder.EclipseLogger - Using 'UTF-8' encoding to copy filtered resources.
2017-06-07 14:09:56,735 [Worker-3] INFO  o.e.m.c.i.embedder.EclipseLogger - skip non existing resourceDirectory C:\RAJESH\ecllipse workspace\SpringRestfulWS\src\test\resources
2017-06-07 14:23:17,251 [Worker-2] INFO  o.e.m.c.i.embedder.EclipseLogger - Using 'UTF-8' encoding to copy filtered resources.
2017-06-07 14:23:17,259 [Worker-2] INFO  o.e.m.c.i.embedder.EclipseLogger - skip non existing resourceDirectory C:\RAJESH\ecllipse workspace\SpringRestfulWS\src\main\resources
2017-06-07 14:23:17,259 [Worker-2] INFO  o.e.m.c.i.embedder.EclipseLogger - skip non existing resourceDirectory C:\RAJESH\ecllipse workspace\SpringRestfulWS\src\main\resources
2017-06-07 14:23:17,265 [Worker-2] INFO  o.e.m.c.i.embedder.EclipseLogger - Using 'UTF-8' encoding to copy filtered resources.
2017-06-07 14:23:17,265 [Worker-2] INFO  o.e.m.c.i.embedder.EclipseLogger - skip non existing resourceDirectory C:\RAJESH\ecllipse workspace\SpringRestfulWS\src\test\resources
2017-06-08 11:46:40,980 [Worker-2] INFO  o.e.m.c.i.embedder.EclipseLogger - Using 'UTF-8' encoding to copy filtered resources.
2017-06-08 11:46:41,023 [Worker-2] INFO  o.e.m.c.i.embedder.EclipseLogger - skip non existing resourceDirectory C:\RAJESH\ecllipse workspace\SpringRestfulWS\src\main\resources
2017-06-08 11:46:41,024 [Worker-2] INFO  o.e.m.c.i.embedder.EclipseLogger - skip non existing resourceDirectory C:\RAJESH\ecllipse workspace\SpringRestfulWS\src\main\resources
2017-06-08 11:46:41,028 [Worker-2] INFO  o.e.m.c.i.embedder.EclipseLogger - Using 'UTF-8' encoding to copy filtered resources.
2017-06-08 11:46:41,029 [Worker-2] INFO  o.e.m.c.i.embedder.EclipseLogger - skip non existing resourceDirectory C:\RAJESH\ecllipse workspace\SpringRestfulWS\src\test\resources
2017-06-12 11:30:37,192 [Worker-1] INFO  o.e.m.c.i.embedder.EclipseLogger - Using 'UTF-8' encoding to copy filtered resources.
2017-06-12 11:30:37,197 [Worker-1] INFO  o.e.m.c.i.embedder.EclipseLogger - skip non existing resourceDirectory C:\RAJESH\ecllipse workspace\SpringRestfulWS\src\main\resources
2017-06-12 11:30:37,197 [Worker-1] INFO  o.e.m.c.i.embedder.EclipseLogger - skip non existing resourceDirectory C:\RAJESH\ecllipse workspace\SpringRestfulWS\src\main\resources
2017-06-12 11:30:37,201 [Worker-1] INFO  o.e.m.c.i.embedder.EclipseLogger - Using 'UTF-8' encoding to copy filtered resources.
2017-06-12 11:30:37,201 [Worker-1] INFO  o.e.m.c.i.embedder.EclipseLogger - skip non existing resourceDirectory C:\RAJESH\ecllipse workspace\SpringRestfulWS\src\test\resources
2017-06-22 16:29:15,706 [Worker-4] INFO  o.e.m.c.i.embedder.EclipseLogger - Using 'UTF-8' encoding to copy filtered resources.
2017-06-22 16:29:15,710 [Worker-4] INFO  o.e.m.c.i.embedder.EclipseLogger - skip non existing resourceDirectory C:\RAJESH\ecllipse workspace\SpringRestfulWS\src\main\resources
2017-06-22 16:29:15,711 [Worker-4] INFO  o.e.m.c.i.embedder.EclipseLogger - skip non existing resourceDirectory C:\RAJESH\ecllipse workspace\SpringRestfulWS\src\main\resources
2017-06-22 16:29:15,713 [Worker-4] INFO  o.e.m.c.i.embedder.EclipseLogger - Using 'UTF-8' encoding to copy filtered resources.
2017-06-22 16:29:15,714 [Worker-4] INFO  o.e.m.c.i.embedder.EclipseLogger - skip non existing resourceDirectory C:\RAJESH\ecllipse workspace\SpringRestfulWS\src\test\resources
2017-06-29 11:33:51,571 [Worker-7] INFO  o.e.m.c.i.embedder.EclipseLogger - Using 'UTF-8' encoding to copy filtered resources.
2017-06-29 11:33:51,578 [Worker-7] INFO  o.e.m.c.i.embedder.EclipseLogger - skip non existing resourceDirectory C:\RAJESH\ecllipse workspace\SpringRestfulWS\src\main\resources
2017-06-29 11:33:51,578 [Worker-7] INFO  o.e.m.c.i.embedder.EclipseLogger - skip non existing resourceDirectory C:\RAJESH\ecllipse workspace\SpringRestfulWS\src\main\resources
2017-06-29 11:33:51,583 [Worker-7] INFO  o.e.m.c.i.embedder.EclipseLogger - Using 'UTF-8' encoding to copy filtered resources.
2017-06-29 11:33:51,583 [Worker-7] INFO  o.e.m.c.i.embedder.EclipseLogger - skip non existing resourceDirectory C:\RAJESH\ecllipse workspace\SpringRestfulWS\src\test\resources
2017-06-30 11:53:26,992 [Worker-8] INFO  o.e.m.c.i.embedder.EclipseLogger - Using 'UTF-8' encoding to copy filtered resources.
2017-06-30 11:53:26,998 [Worker-8] INFO  o.e.m.c.i.embedder.EclipseLogger - skip non existing resourceDirectory C:\RAJESH\ecllipse workspace\SpringRestfulWS\src\main\resources
2017-06-30 11:53:26,998 [Worker-8] INFO  o.e.m.c.i.embedder.EclipseLogger - skip non existing resourceDirectory C:\RAJESH\ecllipse workspace\SpringRestfulWS\src\main\resources
2017-06-30 11:53:27,002 [Worker-8] INFO  o.e.m.c.i.embedder.EclipseLogger - Using 'UTF-8' encoding to copy filtered resources.
2017-06-30 11:53:27,002 [Worker-8] INFO  o.e.m.c.i.embedder.EclipseLogger - skip non existing resourceDirectory C:\RAJESH\ecllipse workspace\SpringRestfulWS\src\test\resources
2017-07-01 14:30:47,403 [Worker-6] INFO  o.e.m.c.i.embedder.EclipseLogger - Using 'UTF-8' encoding to copy filtered resources.
2017-07-01 14:30:47,409 [Worker-6] INFO  o.e.m.c.i.embedder.EclipseLogger - skip non existing resourceDirectory C:\RAJESH\ecllipse workspace\SpringRestfulWS\src\main\resources
2017-07-01 14:30:47,409 [Worker-6] INFO  o.e.m.c.i.embedder.EclipseLogger - skip non existing resourceDirectory C:\RAJESH\ecllipse workspace\SpringRestfulWS\src\main\resources
2017-07-01 14:30:47,414 [Worker-6] INFO  o.e.m.c.i.embedder.EclipseLogger - Using 'UTF-8' encoding to copy filtered resources.
2017-07-01 14:30:47,415 [Worker-6] INFO  o.e.m.c.i.embedder.EclipseLogger - skip non existing resourceDirectory C:\RAJESH\ecllipse workspace\SpringRestfulWS\src\test\resources
2017-07-01 14:30:50,046 [Worker-7] INFO  o.e.m.c.i.embedder.EclipseLogger - Using 'UTF-8' encoding to copy filtered resources.
2017-07-01 14:30:50,047 [Worker-7] INFO  o.e.m.c.i.embedder.EclipseLogger - skip non existing resourceDirectory C:\RAJESH\ecllipse workspace\SpringRestfulWS\src\main\resources
2017-07-01 14:30:50,047 [Worker-7] INFO  o.e.m.c.i.embedder.EclipseLogger - skip non existing resourceDirectory C:\RAJESH\ecllipse workspace\SpringRestfulWS\src\main\resources
2017-07-01 14:30:50,058 [Worker-7] INFO  o.e.m.c.i.embedder.EclipseLogger - Using 'UTF-8' encoding to copy filtered resources.
2017-07-01 14:30:50,060 [Worker-7] INFO  o.e.m.c.i.embedder.EclipseLogger - skip non existing resourceDirectory C:\RAJESH\ecllipse workspace\SpringRestfulWS\src\test\resources
2017-07-03 12:54:39,996 [Worker-9] INFO  o.e.m.c.i.embedder.EclipseLogger - Using 'UTF-8' encoding to copy filtered resources.
2017-07-03 12:54:40,046 [Worker-9] INFO  o.e.m.c.i.embedder.EclipseLogger - skip non existing resourceDirectory C:\RAJESH\ecllipse workspace\SpringRestfulWS\src\main\resources
2017-07-03 12:54:40,047 [Worker-9] INFO  o.e.m.c.i.embedder.EclipseLogger - skip non existing resourceDirectory C:\RAJESH\ecllipse workspace\SpringRestfulWS\src\main\resources
2017-07-03 12:54:40,051 [Worker-9] INFO  o.e.m.c.i.embedder.EclipseLogger - Using 'UTF-8' encoding to copy filtered resources.
2017-07-03 12:54:40,052 [Worker-9] INFO  o.e.m.c.i.embedder.EclipseLogger - skip non existing resourceDirectory C:\RAJESH\ecllipse workspace\SpringRestfulWS\src\test\resources
2017-07-05 13:57:37,101 [Worker-9] INFO  o.e.m.c.i.embedder.EclipseLogger - Using 'UTF-8' encoding to copy filtered resources.
2017-07-05 13:57:37,104 [Worker-9] INFO  o.e.m.c.i.embedder.EclipseLogger - skip non existing resourceDirectory C:\RAJESH\ecllipse workspace\SpringRestfulWS\src\main\resources
2017-07-05 13:57:37,105 [Worker-9] INFO  o.e.m.c.i.embedder.EclipseLogger - skip non existing resourceDirectory C:\RAJESH\ecllipse workspace\SpringRestfulWS\src\main\resources
2017-07-05 13:57:37,110 [Worker-9] INFO  o.e.m.c.i.embedder.EclipseLogger - Using 'UTF-8' encoding to copy filtered resources.
2017-07-05 13:57:37,110 [Worker-9] INFO  o.e.m.c.i.embedder.EclipseLogger - skip non existing resourceDirectory C:\RAJESH\ecllipse workspace\SpringRestfulWS\src\test\resources
2017-07-06 13:10:53,740 [Worker-1] INFO  o.e.m.c.i.embedder.EclipseLogger - Using 'UTF-8' encoding to copy filtered resources.
2017-07-06 13:10:53,752 [Worker-1] INFO  o.e.m.c.i.embedder.EclipseLogger - skip non existing resourceDirectory C:\RAJESH\ecllipse workspace\SpringRestfulWS\src\main\resources
2017-07-06 13:10:53,753 [Worker-1] INFO  o.e.m.c.i.embedder.EclipseLogger - skip non existing resourceDirectory C:\RAJESH\ecllipse workspace\SpringRestfulWS\src\main\resources
2017-07-06 13:10:53,757 [Worker-1] INFO  o.e.m.c.i.embedder.EclipseLogger - Using 'UTF-8' encoding to copy filtered resources.
2017-07-06 13:10:53,757 [Worker-1] INFO  o.e.m.c.i.embedder.EclipseLogger - skip non existing resourceDirectory C:\RAJESH\ecllipse workspace\SpringRestfulWS\src\test\resources
2017-07-06 13:11:02,652 [Worker-4] INFO  o.e.m.c.i.embedder.EclipseLogger - Using 'UTF-8' encoding to copy filtered resources.
2017-07-06 13:11:02,653 [Worker-4] INFO  o.e.m.c.i.embedder.EclipseLogger - skip non existing resourceDirectory C:\RAJESH\ecllipse workspace\SpringRestfulWS\src\main\resources
2017-07-06 13:11:02,653 [Worker-4] INFO  o.e.m.c.i.embedder.EclipseLogger - skip non existing resourceDirectory C:\RAJESH\ecllipse workspace\SpringRestfulWS\src\main\resources
2017-07-06 13:11:02,657 [Worker-4] INFO  o.e.m.c.i.embedder.EclipseLogger - Using 'UTF-8' encoding to copy filtered resources.
2017-07-06 13:11:02,675 [Worker-4] INFO  o.e.m.c.i.embedder.EclipseLogger - skip non existing resourceDirectory C:\RAJESH\ecllipse workspace\SpringRestfulWS\src\test\resources
2017-07-08 11:18:26,092 [Worker-8] INFO  o.e.m.c.i.embedder.EclipseLogger - Using 'UTF-8' encoding to copy filtered resources.
2017-07-08 11:18:26,096 [Worker-8] INFO  o.e.m.c.i.embedder.EclipseLogger - skip non existing resourceDirectory C:\RAJESH\ecllipse workspace\SpringRestfulWS\src\main\resources
2017-07-08 11:18:26,096 [Worker-8] INFO  o.e.m.c.i.embedder.EclipseLogger - skip non existing resourceDirectory C:\RAJESH\ecllipse workspace\SpringRestfulWS\src\main\resources
2017-07-08 11:18:26,100 [Worker-8] INFO  o.e.m.c.i.embedder.EclipseLogger - Using 'UTF-8' encoding to copy filtered resources.
2017-07-08 11:18:26,100 [Worker-8] INFO  o.e.m.c.i.embedder.EclipseLogger - skip non existing resourceDirectory C:\RAJESH\ecllipse workspace\SpringRestfulWS\src\test\resources
2017-07-08 21:00:16,453 [Worker-6] INFO  o.e.m.c.i.embedder.EclipseLogger - Using 'UTF-8' encoding to copy filtered resources.
2017-07-08 21:00:16,459 [Worker-6] INFO  o.e.m.c.i.embedder.EclipseLogger - skip non existing resourceDirectory C:\RAJESH\ecllipse workspace\SpringRestfulWS\src\main\resources
2017-07-08 21:00:16,459 [Worker-6] INFO  o.e.m.c.i.embedder.EclipseLogger - skip non existing resourceDirectory C:\RAJESH\ecllipse workspace\SpringRestfulWS\src\main\resources
2017-07-08 21:00:16,463 [Worker-6] INFO  o.e.m.c.i.embedder.EclipseLogger - Using 'UTF-8' encoding to copy filtered resources.
2017-07-08 21:00:16,463 [Worker-6] INFO  o.e.m.c.i.embedder.EclipseLogger - skip non existing resourceDirectory C:\RAJESH\ecllipse workspace\SpringRestfulWS\src\test\resources
2017-07-09 16:51:01,264 [Worker-31] INFO  o.e.m.c.i.embedder.EclipseLogger - Using 'UTF-8' encoding to copy filtered resources.
2017-07-09 16:51:01,269 [Worker-31] INFO  o.e.m.c.i.embedder.EclipseLogger - skip non existing resourceDirectory C:\RAJESH\ecllipse workspace\SpringRestfulWS\src\main\resources
2017-07-09 16:51:01,269 [Worker-31] INFO  o.e.m.c.i.embedder.EclipseLogger - skip non existing resourceDirectory C:\RAJESH\ecllipse workspace\SpringRestfulWS\src\main\resources
2017-07-09 16:51:01,272 [Worker-31] INFO  o.e.m.c.i.embedder.EclipseLogger - Using 'UTF-8' encoding to copy filtered resources.
2017-07-09 16:51:01,272 [Worker-31] INFO  o.e.m.c.i.embedder.EclipseLogger - skip non existing resourceDirectory C:\RAJESH\ecllipse workspace\SpringRestfulWS\src\test\resources
2017-07-10 13:01:30,505 [Worker-8] INFO  o.e.m.c.i.embedder.EclipseLogger - Using 'UTF-8' encoding to copy filtered resources.
2017-07-10 13:01:30,510 [Worker-8] INFO  o.e.m.c.i.embedder.EclipseLogger - skip non existing resourceDirectory C:\RAJESH\ecllipse workspace\SpringRestfulWS\src\main\resources
2017-07-10 13:01:30,510 [Worker-8] INFO  o.e.m.c.i.embedder.EclipseLogger - skip non existing resourceDirectory C:\RAJESH\ecllipse workspace\SpringRestfulWS\src\main\resources
2017-07-10 13:01:30,514 [Worker-8] INFO  o.e.m.c.i.embedder.EclipseLogger - Using 'UTF-8' encoding to copy filtered resources.
2017-07-10 13:01:30,514 [Worker-8] INFO  o.e.m.c.i.embedder.EclipseLogger - skip non existing resourceDirectory C:\RAJESH\ecllipse workspace\SpringRestfulWS\src\test\resources
2017-07-11 21:02:18,051 [Worker-5] INFO  o.e.m.c.i.embedder.EclipseLogger - Using 'UTF-8' encoding to copy filtered resources.
2017-07-11 21:02:18,066 [Worker-5] INFO  o.e.m.c.i.embedder.EclipseLogger - skip non existing resourceDirectory C:\RAJESH\ecllipse workspace\SpringRestfulWS\src\main\resources
2017-07-11 21:02:18,066 [Worker-5] INFO  o.e.m.c.i.embedder.EclipseLogger - skip non existing resourceDirectory C:\RAJESH\ecllipse workspace\SpringRestfulWS\src\main\resources
2017-07-11 21:02:18,070 [Worker-5] INFO  o.e.m.c.i.embedder.EclipseLogger - Using 'UTF-8' encoding to copy filtered resources.
2017-07-11 21:02:18,070 [Worker-5] INFO  o.e.m.c.i.embedder.EclipseLogger - skip non existing resourceDirectory C:\RAJESH\ecllipse workspace\SpringRestfulWS\src\test\resources
2017-07-13 12:21:10,448 [Worker-0] INFO  o.e.m.c.i.embedder.EclipseLogger - Using 'UTF-8' encoding to copy filtered resources.
2017-07-13 12:21:10,453 [Worker-0] INFO  o.e.m.c.i.embedder.EclipseLogger - skip non existing resourceDirectory C:\RAJESH\ecllipse workspace\SpringRestfulWS\src\main\resources
2017-07-13 12:21:10,453 [Worker-0] INFO  o.e.m.c.i.embedder.EclipseLogger - skip non existing resourceDirectory C:\RAJESH\ecllipse workspace\SpringRestfulWS\src\main\resources
2017-07-13 12:21:10,457 [Worker-0] INFO  o.e.m.c.i.embedder.EclipseLogger - Using 'UTF-8' encoding to copy filtered resources.
2017-07-13 12:21:10,457 [Worker-0] INFO  o.e.m.c.i.embedder.EclipseLogger - skip non existing resourceDirectory C:\RAJESH\ecllipse workspace\SpringRestfulWS\src\test\resources
